<?xml version="1.0" encoding="UTF-8"?>
<testng-results ignored="0" total="1" passed="1" failed="0" skipped="0">
  <reporter-output>
  </reporter-output>
  <suite started-at="2025-08-14T22:13:51 IST" name="Default suite" finished-at="2025-08-14T22:13:59 IST" duration-ms="8009">
    <groups>
      <group name="cucumber">
        <method signature="AbstractTestNGCucumberTests.runScenario(io.cucumber.testng.PickleWrapper,io.cucumber.testng.FeatureWrapper)[pri:0, instance:runners.orderrunner@3c41ed1d]" name="runScenario" class="io.cucumber.testng.AbstractTestNGCucumberTests"/>
      </group> <!-- cucumber -->
    </groups>
    <test started-at="2025-08-14T22:13:51 IST" name="Default test" finished-at="2025-08-14T22:13:59 IST" duration-ms="8009">
      <class name="runners.orderrunner">
        <test-method is-config="true" signature="setUpClass(org.testng.ITestContext)[pri:0, instance:runners.orderrunner@3c41ed1d]" started-at="2025-08-14T22:13:52 IST" name="setUpClass" finished-at="2025-08-14T22:13:52 IST" duration-ms="332" status="PASS">
          <params>
            <param index="0">
              <value>
                <![CDATA[org.testng.TestRunner@37c5fc56]]>
              </value>
            </param>
          </params>
          <reporter-output>
          </reporter-output>
        </test-method> <!-- setUpClass -->
        <test-method signature="runScenario(io.cucumber.testng.PickleWrapper,io.cucumber.testng.FeatureWrapper)[pri:0, instance:runners.orderrunner@3c41ed1d]" started-at="2025-08-14T22:13:52 IST" name="runScenario" description="Runs Cucumber Scenarios" data-provider="scenarios" finished-at="2025-08-14T22:13:59 IST" duration-ms="7609" status="PASS">
          <params>
            <param index="0">
              <value>
                <![CDATA["ordering the item from the website"]]>
              </value>
            </param>
            <param index="1">
              <value>
                <![CDATA["food order page apllication"]]>
              </value>
            </param>
          </params>
          <reporter-output>
          </reporter-output>
        </test-method> <!-- runScenario -->
        <test-method is-config="true" signature="tearDownClass()[pri:0, instance:runners.orderrunner@3c41ed1d]" started-at="2025-08-14T22:13:59 IST" name="tearDownClass" finished-at="2025-08-14T22:13:59 IST" duration-ms="4" status="PASS">
          <reporter-output>
          </reporter-output>
        </test-method> <!-- tearDownClass -->
      </class> <!-- runners.orderrunner -->
    </test> <!-- Default test -->
  </suite> <!-- Default suite -->
</testng-results>
